[debug] [2026-05-22T08:53:24.060Z] ----------------------------------------------------------------------
[debug] [2026-05-22T08:53:24.063Z] Command:       C:\Users\Administrator\Documents\DevTools\Firebase\firebase.exe C:\Users\Administrator\.cache\firebase\tools\lib\node_modules\firebase-tools\lib\bin\firebase deploy --only functions
[debug] [2026-05-22T08:53:24.063Z] CLI Version:   15.16.0
[debug] [2026-05-22T08:53:24.063Z] Platform:      win32
[debug] [2026-05-22T08:53:24.063Z] Node Version:  v20.18.2
[debug] [2026-05-22T08:53:24.063Z] Time:          Fri May 22 2026 16:53:24 GMT+0800 (Philippine Standard Time)
[debug] [2026-05-22T08:53:24.063Z] ----------------------------------------------------------------------
[debug] 
[debug] [2026-05-22T08:53:25.196Z] Object "" in "firebase.json" has unknown property: {"additionalProperty":"flutter"}
[debug] [2026-05-22T08:53:25.200Z] > command requires scopes: ["email","openid","https://www.googleapis.com/auth/cloudplatformprojects.readonly","https://www.googleapis.com/auth/firebase","https://www.googleapis.com/auth/cloud-platform"]
[debug] [2026-05-22T08:53:25.200Z] > authorizing via signed-in user (aaronzxc18@gmail.com)
[debug] [2026-05-22T08:53:25.200Z] [iam] checking project one-vizcaya-app for permissions ["cloudfunctions.functions.create","cloudfunctions.functions.delete","cloudfunctions.functions.get","cloudfunctions.functions.list","cloudfunctions.functions.update","cloudfunctions.operations.get","firebase.projects.get"]
[debug] [2026-05-22T08:53:25.201Z] Checked if tokens are valid: true, expires at: 1779443595924
[debug] [2026-05-22T08:53:25.201Z] Checked if tokens are valid: true, expires at: 1779443595924
[debug] [2026-05-22T08:53:25.202Z] >>> [apiv2][query] POST https://cloudresourcemanager.googleapis.com/v1/projects/one-vizcaya-app:testIamPermissions [none]
[debug] [2026-05-22T08:53:25.202Z] >>> [apiv2][(partial)header] POST https://cloudresourcemanager.googleapis.com/v1/projects/one-vizcaya-app:testIamPermissions  x-goog-user-project=one-vizcaya-app
[debug] [2026-05-22T08:53:25.202Z] >>> [apiv2][body] POST https://cloudresourcemanager.googleapis.com/v1/projects/one-vizcaya-app:testIamPermissions {"permissions":["cloudfunctions.functions.create","cloudfunctions.functions.delete","cloudfunctions.functions.get","cloudfunctions.functions.list","cloudfunctions.functions.update","cloudfunctions.operations.get","firebase.projects.get"]}
[debug] [2026-05-22T08:53:25.760Z] <<< [apiv2][status] POST https://cloudresourcemanager.googleapis.com/v1/projects/one-vizcaya-app:testIamPermissions 200
[debug] [2026-05-22T08:53:25.760Z] <<< [apiv2][body] POST https://cloudresourcemanager.googleapis.com/v1/projects/one-vizcaya-app:testIamPermissions {"permissions":["cloudfunctions.functions.create","cloudfunctions.functions.delete","cloudfunctions.functions.get","cloudfunctions.functions.list","cloudfunctions.functions.update","cloudfunctions.operations.get","firebase.projects.get"]}
[debug] [2026-05-22T08:53:25.760Z] Checked if tokens are valid: true, expires at: 1779443595924
[debug] [2026-05-22T08:53:25.760Z] Checked if tokens are valid: true, expires at: 1779443595924
[debug] [2026-05-22T08:53:25.760Z] >>> [apiv2][query] POST https://iam.googleapis.com/v1/projects/one-vizcaya-app/serviceAccounts/one-vizcaya-app@appspot.gserviceaccount.com:testIamPermissions [none]
[debug] [2026-05-22T08:53:25.760Z] >>> [apiv2][body] POST https://iam.googleapis.com/v1/projects/one-vizcaya-app/serviceAccounts/one-vizcaya-app@appspot.gserviceaccount.com:testIamPermissions {"permissions":["iam.serviceAccounts.actAs"]}
[debug] [2026-05-22T08:53:27.233Z] <<< [apiv2][status] POST https://iam.googleapis.com/v1/projects/one-vizcaya-app/serviceAccounts/one-vizcaya-app@appspot.gserviceaccount.com:testIamPermissions 200
[debug] [2026-05-22T08:53:27.233Z] <<< [apiv2][body] POST https://iam.googleapis.com/v1/projects/one-vizcaya-app/serviceAccounts/one-vizcaya-app@appspot.gserviceaccount.com:testIamPermissions {"permissions":["iam.serviceAccounts.actAs"]}
[info] 
[info] === Deploying to 'one-vizcaya-app'...
[info] 
[info] i  deploying functions 
[debug] [2026-05-22T08:53:27.236Z] Checked if tokens are valid: true, expires at: 1779443595924
[debug] [2026-05-22T08:53:27.236Z] Checked if tokens are valid: true, expires at: 1779443595924
[debug] [2026-05-22T08:53:27.236Z] >>> [apiv2][query] GET https://serviceusage.googleapis.com/v1/projects/one-vizcaya-app/services/cloudresourcemanager.googleapis.com [none]
[debug] [2026-05-22T08:53:27.236Z] >>> [apiv2][(partial)header] GET https://serviceusage.googleapis.com/v1/projects/one-vizcaya-app/services/cloudresourcemanager.googleapis.com  x-goog-user-project=one-vizcaya-app
[debug] [2026-05-22T08:53:28.638Z] <<< [apiv2][status] GET https://serviceusage.googleapis.com/v1/projects/one-vizcaya-app/services/cloudresourcemanager.googleapis.com 200
[debug] [2026-05-22T08:53:28.638Z] <<< [apiv2][body] GET https://serviceusage.googleapis.com/v1/projects/one-vizcaya-app/services/cloudresourcemanager.googleapis.com [omitted]
[debug] [2026-05-22T08:53:28.639Z] Checked if tokens are valid: true, expires at: 1779443595924
[debug] [2026-05-22T08:53:28.639Z] Checked if tokens are valid: true, expires at: 1779443595924
[debug] [2026-05-22T08:53:28.639Z] >>> [apiv2][query] GET https://cloudresourcemanager.googleapis.com/v1/projects/one-vizcaya-app [none]
[debug] [2026-05-22T08:53:28.856Z] <<< [apiv2][status] GET https://cloudresourcemanager.googleapis.com/v1/projects/one-vizcaya-app 200
[debug] [2026-05-22T08:53:28.856Z] <<< [apiv2][body] GET https://cloudresourcemanager.googleapis.com/v1/projects/one-vizcaya-app {"projectNumber":"899155311025","projectId":"one-vizcaya-app","lifecycleState":"ACTIVE","name":"One Vizcaya App","labels":{"firebase":"enabled","firebase-core":"disabled"},"createTime":"2026-05-01T08:12:14.529Z"}
[info] i  functions: preparing codebase default for deployment 
[info] i  functions: ensuring required API cloudfunctions.googleapis.com is enabled... 
[debug] [2026-05-22T08:53:28.857Z] Checked if tokens are valid: true, expires at: 1779443595924
[debug] [2026-05-22T08:53:28.857Z] Checked if tokens are valid: true, expires at: 1779443595924
[debug] [2026-05-22T08:53:28.857Z] Checked if tokens are valid: true, expires at: 1779443595924
[debug] [2026-05-22T08:53:28.858Z] Checked if tokens are valid: true, expires at: 1779443595924
[info] i  functions: ensuring required API cloudbuild.googleapis.com is enabled... 
[debug] [2026-05-22T08:53:28.858Z] Checked if tokens are valid: true, expires at: 1779443595924
[debug] [2026-05-22T08:53:28.858Z] Checked if tokens are valid: true, expires at: 1779443595924
[info] i  artifactregistry: ensuring required API artifactregistry.googleapis.com is enabled... 
[debug] [2026-05-22T08:53:28.858Z] Checked if tokens are valid: true, expires at: 1779443595924
[debug] [2026-05-22T08:53:28.858Z] Checked if tokens are valid: true, expires at: 1779443595924
[debug] [2026-05-22T08:53:28.859Z] >>> [apiv2][query] GET https://serviceusage.googleapis.com/v1/projects/one-vizcaya-app/services/cloudfunctions.googleapis.com [none]
[debug] [2026-05-22T08:53:28.859Z] >>> [apiv2][(partial)header] GET https://serviceusage.googleapis.com/v1/projects/one-vizcaya-app/services/cloudfunctions.googleapis.com  x-goog-user-project=one-vizcaya-app
[debug] [2026-05-22T08:53:28.859Z] >>> [apiv2][query] GET https://serviceusage.googleapis.com/v1/projects/one-vizcaya-app/services/runtimeconfig.googleapis.com [none]
[debug] [2026-05-22T08:53:28.859Z] >>> [apiv2][(partial)header] GET https://serviceusage.googleapis.com/v1/projects/one-vizcaya-app/services/runtimeconfig.googleapis.com  x-goog-user-project=one-vizcaya-app
[debug] [2026-05-22T08:53:28.860Z] >>> [apiv2][query] GET https://serviceusage.googleapis.com/v1/projects/one-vizcaya-app/services/cloudbuild.googleapis.com [none]
[debug] [2026-05-22T08:53:28.860Z] >>> [apiv2][(partial)header] GET https://serviceusage.googleapis.com/v1/projects/one-vizcaya-app/services/cloudbuild.googleapis.com  x-goog-user-project=one-vizcaya-app
[debug] [2026-05-22T08:53:28.862Z] >>> [apiv2][query] GET https://serviceusage.googleapis.com/v1/projects/one-vizcaya-app/services/artifactregistry.googleapis.com [none]
[debug] [2026-05-22T08:53:28.862Z] >>> [apiv2][(partial)header] GET https://serviceusage.googleapis.com/v1/projects/one-vizcaya-app/services/artifactregistry.googleapis.com  x-goog-user-project=one-vizcaya-app
[debug] [2026-05-22T08:53:30.338Z] <<< [apiv2][status] GET https://serviceusage.googleapis.com/v1/projects/one-vizcaya-app/services/runtimeconfig.googleapis.com 200
[debug] [2026-05-22T08:53:30.338Z] <<< [apiv2][body] GET https://serviceusage.googleapis.com/v1/projects/one-vizcaya-app/services/runtimeconfig.googleapis.com [omitted]
[debug] [2026-05-22T08:53:30.400Z] <<< [apiv2][status] GET https://serviceusage.googleapis.com/v1/projects/one-vizcaya-app/services/cloudbuild.googleapis.com 200
[debug] [2026-05-22T08:53:30.400Z] <<< [apiv2][body] GET https://serviceusage.googleapis.com/v1/projects/one-vizcaya-app/services/cloudbuild.googleapis.com [omitted]
[info] +  functions: required API cloudbuild.googleapis.com is enabled 
[debug] [2026-05-22T08:53:30.429Z] <<< [apiv2][status] GET https://serviceusage.googleapis.com/v1/projects/one-vizcaya-app/services/cloudfunctions.googleapis.com 200
[debug] [2026-05-22T08:53:30.430Z] <<< [apiv2][body] GET https://serviceusage.googleapis.com/v1/projects/one-vizcaya-app/services/cloudfunctions.googleapis.com [omitted]
[info] +  functions: required API cloudfunctions.googleapis.com is enabled 
[debug] [2026-05-22T08:53:30.459Z] <<< [apiv2][status] GET https://serviceusage.googleapis.com/v1/projects/one-vizcaya-app/services/artifactregistry.googleapis.com 200
[debug] [2026-05-22T08:53:30.459Z] <<< [apiv2][body] GET https://serviceusage.googleapis.com/v1/projects/one-vizcaya-app/services/artifactregistry.googleapis.com [omitted]
[info] +  artifactregistry: required API artifactregistry.googleapis.com is enabled 
[debug] [2026-05-22T08:53:30.461Z] Checked if tokens are valid: true, expires at: 1779443595924
[debug] [2026-05-22T08:53:30.461Z] Checked if tokens are valid: true, expires at: 1779443595924
[debug] [2026-05-22T08:53:30.461Z] >>> [apiv2][query] GET https://firebase.googleapis.com/v1beta1/projects/one-vizcaya-app/adminSdkConfig [none]
[debug] [2026-05-22T08:53:30.820Z] <<< [apiv2][status] GET https://firebase.googleapis.com/v1beta1/projects/one-vizcaya-app/adminSdkConfig 200
[debug] [2026-05-22T08:53:30.820Z] <<< [apiv2][body] GET https://firebase.googleapis.com/v1beta1/projects/one-vizcaya-app/adminSdkConfig {"projectId":"one-vizcaya-app","storageBucket":"one-vizcaya-app.firebasestorage.app"}
[debug] [2026-05-22T08:53:30.821Z] Validating nodejs source
[warn] !  functions: Couldn't find firebase-functions package in your source code. Have you run 'npm install'? 
[debug] [2026-05-22T08:53:30.822Z] getFunctionsSDKVersion encountered error: Cannot find module 'firebase-functions'
Require stack:
- C:\Users\Administrator\.cache\firebase\tools\lib\node_modules\firebase-tools\lib\deploy\functions\runtimes\node\versioning.js
- C:\Users\Administrator\.cache\firebase\tools\lib\node_modules\firebase-tools\lib\deploy\functions\runtimes\node\index.js
- C:\Users\Administrator\.cache\firebase\tools\lib\node_modules\firebase-tools\lib\deploy\functions\runtimes\index.js
- C:\Users\Administrator\.cache\firebase\tools\lib\node_modules\firebase-tools\lib\deploy\functions\prepare.js
- C:\Users\Administrator\.cache\firebase\tools\lib\node_modules\firebase-tools\lib\emulator\functionsEmulatorShared.js
- C:\Users\Administrator\.cache\firebase\tools\lib\node_modules\firebase-tools\lib\frameworks\index.js
- C:\Users\Administrator\.cache\firebase\tools\lib\node_modules\firebase-tools\lib\deploy\hosting\prepare.js
- C:\Users\Administrator\.cache\firebase\tools\lib\node_modules\firebase-tools\lib\deploy\hosting\index.js
- C:\Users\Administrator\.cache\firebase\tools\lib\node_modules\firebase-tools\lib\deploy\index.js
- C:\Users\Administrator\.cache\firebase\tools\lib\node_modules\firebase-tools\lib\commands\deploy.js
- C:\Users\Administrator\.cache\firebase\tools\lib\node_modules\firebase-tools\lib\commands\index.js
- C:\Users\Administrator\.cache\firebase\tools\lib\node_modules\firebase-tools\lib\index.js
- C:\Users\Administrator\.cache\firebase\tools\lib\node_modules\firebase-tools\lib\bin\cli.js
- C:\Users\Administrator\.cache\firebase\tools\lib\node_modules\firebase-tools\lib\bin\firebase.js {"code":"MODULE_NOT_FOUND","requireStack":["C:\\Users\\Administrator\\.cache\\firebase\\tools\\lib\\node_modules\\firebase-tools\\lib\\deploy\\functions\\runtimes\\node\\versioning.js","C:\\Users\\Administrator\\.cache\\firebase\\tools\\lib\\node_modules\\firebase-tools\\lib\\deploy\\functions\\runtimes\\node\\index.js","C:\\Users\\Administrator\\.cache\\firebase\\tools\\lib\\node_modules\\firebase-tools\\lib\\deploy\\functions\\runtimes\\index.js","C:\\Users\\Administrator\\.cache\\firebase\\tools\\lib\\node_modules\\firebase-tools\\lib\\deploy\\functions\\prepare.js","C:\\Users\\Administrator\\.cache\\firebase\\tools\\lib\\node_modules\\firebase-tools\\lib\\emulator\\functionsEmulatorShared.js","C:\\Users\\Administrator\\.cache\\firebase\\tools\\lib\\node_modules\\firebase-tools\\lib\\frameworks\\index.js","C:\\Users\\Administrator\\.cache\\firebase\\tools\\lib\\node_modules\\firebase-tools\\lib\\deploy\\hosting\\prepare.js","C:\\Users\\Administrator\\.cache\\firebase\\tools\\lib\\node_modules\\firebase-tools\\lib\\deploy\\hosting\\index.js","C:\\Users\\Administrator\\.cache\\firebase\\tools\\lib\\node_modules\\firebase-tools\\lib\\deploy\\index.js","C:\\Users\\Administrator\\.cache\\firebase\\tools\\lib\\node_modules\\firebase-tools\\lib\\commands\\deploy.js","C:\\Users\\Administrator\\.cache\\firebase\\tools\\lib\\node_modules\\firebase-tools\\lib\\commands\\index.js","C:\\Users\\Administrator\\.cache\\firebase\\tools\\lib\\node_modules\\firebase-tools\\lib\\index.js","C:\\Users\\Administrator\\.cache\\firebase\\tools\\lib\\node_modules\\firebase-tools\\lib\\bin\\cli.js","C:\\Users\\Administrator\\.cache\\firebase\\tools\\lib\\node_modules\\firebase-tools\\lib\\bin\\firebase.js"]}
[debug] [2026-05-22T08:53:30.824Z] checkFunctionsSDKVersion encountered error: Invalid Version:  {}
[debug] [2026-05-22T08:53:30.825Z] > [functions] package.json contents: {
  "name": "functions",
  "description": "Cloud Functions for Firebase",
  "scripts": {
    "serve": "firebase emulators:start --only functions",
    "shell": "firebase functions:shell",
    "start": "npm run shell",
    "deploy": "firebase deploy --only functions",
    "logs": "firebase functions:log"
  },
  "engines": {
    "node": "24"
  },
  "main": "index.js",
  "dependencies": {
    "firebase-admin": "^10.3.0",
    "firebase-functions": "^4.9.0"
  },
  "devDependencies": {
    "firebase-functions-test": "^3.4.1"
  },
  "private": true
}
[debug] [2026-05-22T08:53:30.825Z] Building nodejs source
[info] i  functions: Loading and analyzing source code for codebase default to determine what to deploy 
[debug] [2026-05-22T08:53:30.825Z] Could not parse firebase-functions version '' into semver.
[debug] [2026-05-22T08:53:30.826Z] Could not find functions.yaml. Must use http discovery
[debug] [2026-05-22T08:53:30.832Z] Error: Cannot find module 'firebase-functions'
Require stack:
- C:\Users\Administrator\.cache\firebase\tools\lib\node_modules\firebase-tools\lib\deploy\functions\runtimes\node\index.js
- C:\Users\Administrator\.cache\firebase\tools\lib\node_modules\firebase-tools\lib\deploy\functions\runtimes\index.js
- C:\Users\Administrator\.cache\firebase\tools\lib\node_modules\firebase-tools\lib\deploy\functions\prepare.js
- C:\Users\Administrator\.cache\firebase\tools\lib\node_modules\firebase-tools\lib\emulator\functionsEmulatorShared.js
- C:\Users\Administrator\.cache\firebase\tools\lib\node_modules\firebase-tools\lib\frameworks\index.js
- C:\Users\Administrator\.cache\firebase\tools\lib\node_modules\firebase-tools\lib\deploy\hosting\prepare.js
- C:\Users\Administrator\.cache\firebase\tools\lib\node_modules\firebase-tools\lib\deploy\hosting\index.js
- C:\Users\Administrator\.cache\firebase\tools\lib\node_modules\firebase-tools\lib\deploy\index.js
- C:\Users\Administrator\.cache\firebase\tools\lib\node_modules\firebase-tools\lib\commands\deploy.js
- C:\Users\Administrator\.cache\firebase\tools\lib\node_modules\firebase-tools\lib\commands\index.js
- C:\Users\Administrator\.cache\firebase\tools\lib\node_modules\firebase-tools\lib\index.js
- C:\Users\Administrator\.cache\firebase\tools\lib\node_modules\firebase-tools\lib\bin\cli.js
- C:\Users\Administrator\.cache\firebase\tools\lib\node_modules\firebase-tools\lib\bin\firebase.js
    at Module._resolveFilename (node:internal/modules/cjs/loader:1225:15)
    at Function._resolveFilename (pkg/prelude/bootstrap.js:1959:46)
    at Function.resolve (node:internal/modules/helpers:190:19)
    at Delegate.findFunctionsBinary (C:\Users\Administrator\.cache\firebase\tools\lib\node_modules\firebase-tools\lib\deploy\functions\runtimes\node\index.js:101:33)
    at Delegate.spawnFunctionsProcess (C:\Users\Administrator\.cache\firebase\tools\lib\node_modules\firebase-tools\lib\deploy\functions\runtimes\node\index.js:131:30)
    at Delegate.serveAdmin (C:\Users\Administrator\.cache\firebase\tools\lib\node_modules\firebase-tools\lib\deploy\functions\runtimes\node\index.js:152:35)
    at Delegate.discoverBuild (C:\Users\Administrator\.cache\firebase\tools\lib\node_modules\firebase-tools\lib\deploy\functions\runtimes\node\index.js:192:41)
    at process.processTicksAndRejections (node:internal/process/task_queues:95:5)
    at async loadCodebases (C:\Users\Administrator\.cache\firebase\tools\lib\node_modules\firebase-tools\lib\deploy\functions\prepare.js:386:33)
    at async prepare (C:\Users\Administrator\.cache\firebase\tools\lib\node_modules\firebase-tools\lib\deploy\functions\prepare.js:73:24)
[error] 
[error] Error: An unexpected error has occurred.
